1564855707582	mozrunner::runner	INFO	Running command: "/usr/bin/firefox" "-marionette" "-foreground" "-no-remote" "-profile" "/tmp/rust_mozprofile.ASKzAcUoQkms"
1564855708606	Marionette	INFO	Listening on port 45909
1564855708686	Marionette	WARN	TLS certificate errors will be ignored for this session
console.log: Accessibility service init or shutdown observer does not exist.
IPDL protocol error: Handler returned error code!

###!!! [Parent][DispatchAsyncMessage] Error: PLayerTransaction::Msg_ReleaseLayer Processing error: message was deserialized, but the handler returned false (indicating failure)

[Parent 8056, Gecko_IOThread] WARNING: pipe error (90): Connection reset by peer: file /build/firefox-esr-Jz2l5x/firefox-esr-60.8.0esr/ipc/chromium/src/chrome/common/ipc_channel_posix.cc, line 342
*** UTM:SVC TimerManager:registerTimer called after profile-before-change notification. Ignoring timer registration for id: telemetry_modules_ping
1564855750643	mozrunner::runner	INFO	Running command: "/usr/bin/firefox" "-marionette" "-foreground" "-no-remote" "-profile" "/tmp/rust_mozprofile.qMA5dJQChdPA"
1564855751681	Marionette	INFO	Listening on port 36415
1564855751750	Marionette	WARN	TLS certificate errors will be ignored for this session
console.log: Accessibility service init or shutdown observer does not exist.
1564855754151	addons.xpi	WARN	Exception running bootstrap method shutdown on activity-stream@mozilla.org: [Exception... "Component returned failure code: 0x80004005 (NS_ERROR_FAILURE) [nsIObserverService.removeObserver]"  nsresult: "0x80004005 (NS_ERROR_FAILURE)"  location: "JS frame :: resource://activity-stream/lib/SnippetsFeed.jsm :: uninit :: line 185"  data: no] Stack trace: uninit()@resource://activity-stream/lib/SnippetsFeed.jsm:185
onAction()@resource://activity-stream/lib/SnippetsFeed.jsm:201
_middleware/</<()@resource://activity-stream/lib/Store.jsm:49
Store/this[method]()@resource://activity-stream/lib/Store.jsm:28
uninit()@resource://activity-stream/lib/Store.jsm:151
uninit()@resource://activity-stream/lib/ActivityStream.jsm:300
uninit()@resource://gre/modules/addons/XPIProvider.jsm -> jar:file:///usr/lib/firefox-esr/browser/features/activity-stream@mozilla.org.xpi!/bootstrap.js:73
shutdown()@resource://gre/modules/addons/XPIProvider.jsm -> jar:file:///usr/lib/firefox-esr/browser/features/activity-stream@mozilla.org.xpi!/bootstrap.js:169
callBootstrapMethod()@resource://gre/modules/addons/XPIProvider.jsm:4446
observe()@resource://gre/modules/addons/XPIProvider.jsm:2293
GeckoDriver.prototype.quit()@driver.js:3300
despatch()@server.js:293
execute()@server.js:267
onPacket/<()@server.js:242
onPacket()@server.js:241
_onJSONObjectReady/<()@transport.js:500
*** UTM:SVC TimerManager:registerTimer called after profile-before-change notification. Ignoring timer registration for id: telemetry_modules_ping
1564856311143	mozrunner::runner	INFO	Running command: "/usr/bin/firefox" "-marionette" "-foreground" "-no-remote" "-profile" "/tmp/rust_mozprofile.RNJtszUtyzDw"
1564856312161	Marionette	INFO	Listening on port 39623
1564856312246	Marionette	WARN	TLS certificate errors will be ignored for this session
console.log: Accessibility service init or shutdown observer does not exist.
[Parent 8781, Gecko_IOThread] WARNING: pipe error: Broken pipe: file /build/firefox-esr-Jz2l5x/firefox-esr-60.8.0esr/ipc/chromium/src/chrome/common/ipc_channel_posix.cc, line 694
*** UTM:SVC TimerManager:registerTimer called after profile-before-change notification. Ignoring timer registration for id: telemetry_modules_ping
1564874556498	mozrunner::runner	INFO	Running command: "/usr/bin/firefox" "-marionette" "-foreground" "-no-remote" "-profile" "/tmp/rust_mozprofile.QhEG6o8lhIgQ"
1564874557825	Marionette	INFO	Listening on port 32783
1564874557904	Marionette	WARN	TLS certificate errors will be ignored for this session
console.log: Accessibility service init or shutdown observer does not exist.
[Parent 11382, Gecko_IOThread] WARNING: pipe error: Broken pipe: file /build/firefox-esr-Jz2l5x/firefox-esr-60.8.0esr/ipc/chromium/src/chrome/common/ipc_channel_posix.cc, line 694
*** UTM:SVC TimerManager:registerTimer called after profile-before-change notification. Ignoring timer registration for id: telemetry_modules_ping
1564874590902	mozrunner::runner	INFO	Running command: "/usr/bin/firefox" "-marionette" "-foreground" "-no-remote" "-profile" "/tmp/rust_mozprofile.4wusAChZRNW2"
1564874592211	Marionette	INFO	Listening on port 42555
1564874592315	Marionette	WARN	TLS certificate errors will be ignored for this session
console.log: Accessibility service init or shutdown observer does not exist.
*** UTM:SVC TimerManager:registerTimer called after profile-before-change notification. Ignoring timer registration for id: telemetry_modules_ping
1564874710320	mozrunner::runner	INFO	Running command: "/usr/bin/firefox" "-marionette" "-foreground" "-no-remote" "-profile" "/tmp/rust_mozprofile.Svm7DmD17ZJW"
1564874711556	Marionette	INFO	Listening on port 44109
1564874711628	Marionette	WARN	TLS certificate errors will be ignored for this session
JavaScript error: https://www.ebay.com/sch/i.html?_from=R40&_trksid=m570.l1313&_nkw=Shoes&_sacat=0, line 1: TypeError: The expression cannot be converted to return the specified type.
console.log: Accessibility service init or shutdown observer does not exist.

###!!! [Child][MessageChannel] Error: (msgtype=0x49000E,name=PHttpChannel::Msg_DeletingChannel) Channel closing: too late to send/recv, messages will be lost


###!!! [Child][MessageChannel] Error: (msgtype=0x49000E,name=PHttpChannel::Msg_DeletingChannel) Channel closing: too late to send/recv, messages will be lost


###!!! [Child][MessageChannel] Error: (msgtype=0x49000E,name=PHttpChannel::Msg_DeletingChannel) Channel closing: too late to send/recv, messages will be lost


###!!! [Child][MessageChannel] Error: (msgtype=0x49000E,name=PHttpChannel::Msg_DeletingChannel) Channel closing: too late to send/recv, messages will be lost

*** UTM:SVC TimerManager:registerTimer called after profile-before-change notification. Ignoring timer registration for id: telemetry_modules_ping
1564874999460	mozrunner::runner	INFO	Running command: "/usr/bin/firefox" "-marionette" "-foreground" "-no-remote" "-profile" "/tmp/rust_mozprofile.taXY09XZCfKg"
1564875000574	Marionette	INFO	Listening on port 43841
1564875000664	Marionette	WARN	TLS certificate errors will be ignored for this session
JavaScript error: https://ir.ebaystatic.com/rs/v/daenj4np1ezs3msxgbj3z4t2pu5.js, line 73: TypeError: e is undefined
JavaScript error: https://www.ebay.com/sch/i.html?_from=R40&_trksid=m570.l1313&_nkw=Shoes&_sacat=0, line 1: TypeError: The expression cannot be converted to return the specified type.
console.log: Accessibility service init or shutdown observer does not exist.
*** UTM:SVC TimerManager:registerTimer called after profile-before-change notification. Ignoring timer registration for id: telemetry_modules_ping
1564875783305	mozrunner::runner	INFO	Running command: "/usr/bin/firefox" "-marionette" "-foreground" "-no-remote" "-profile" "/tmp/rust_mozprofile.SqzFLUkljGT7"
1564875784331	Marionette	INFO	Listening on port 39919
1564875784408	Marionette	WARN	TLS certificate errors will be ignored for this session
JavaScript error: https://ir.ebaystatic.com/rs/v/daenj4np1ezs3msxgbj3z4t2pu5.js, line 73: TypeError: e is undefined
JavaScript error: https://www.ebay.com/sch/i.html?_from=R40&_trksid=m570.l1313&_nkw=Shoes&_sacat=0, line 1: TypeError: The expression cannot be converted to return the specified type.
JavaScript error: https://www.ebay.com/sch/i.html?_from=R40&_nkw=Shoes&_sacat=0&rt=nc&US%2520Shoe%2520Size%2520%2528Men%2527s%2529=10&_dcat=93427, line 1: TypeError: The expression cannot be converted to return the specified type.
console.log: Accessibility service init or shutdown observer does not exist.
*** UTM:SVC TimerManager:registerTimer called after profile-before-change notification. Ignoring timer registration for id: telemetry_modules_ping
